<testsuites id="" name="" tests="4" failures="0" skipped="0" errors="0" time="18.364060000000002">
<testsuite name="Chapter04\04_TestReports_Test.spec.ts" timestamp="2026-02-04T17:10:04.517Z" hostname="chromium" tests="4" failures="0" skipped="0" time="53.69" errors="0">
<testcase name="regression testing › Test1" classname="Chapter04\04_TestReports_Test.spec.ts" time="15.42">
<system-out>
<![CDATA[Test Execution Started..

[[ATTACHMENT|test-results\Chapter04-04_TestReports_Test-regression-testing-Test1-chromium\test-finished-1.png]]

[[ATTACHMENT|test-results\Chapter04-04_TestReports_Test-regression-testing-Test1-chromium\video.webm]]

[[ATTACHMENT|test-results\Chapter04-04_TestReports_Test-regression-testing-Test1-chromium\trace.zip]]
]]>
</system-out>
</testcase>
<testcase name="regression testing › Test2" classname="Chapter04\04_TestReports_Test.spec.ts" time="12.8">
<system-out>
<![CDATA[Test Execution Started..

[[ATTACHMENT|test-results\Chapter04-04_TestReports_Test-regression-testing-Test2-chromium\test-finished-1.png]]

[[ATTACHMENT|test-results\Chapter04-04_TestReports_Test-regression-testing-Test2-chromium\video.webm]]

[[ATTACHMENT|test-results\Chapter04-04_TestReports_Test-regression-testing-Test2-chromium\trace.zip]]
]]>
</system-out>
</testcase>
<testcase name="smoke testing › Test3" classname="Chapter04\04_TestReports_Test.spec.ts" time="12.558">
<system-out>
<![CDATA[Test Execution Started..

[[ATTACHMENT|test-results\Chapter04-04_TestReports_Test-smoke-testing-Test3-chromium\test-finished-1.png]]

[[ATTACHMENT|test-results\Chapter04-04_TestReports_Test-smoke-testing-Test3-chromium\video.webm]]

[[ATTACHMENT|test-results\Chapter04-04_TestReports_Test-smoke-testing-Test3-chromium\trace.zip]]
]]>
</system-out>
</testcase>
<testcase name="smoke testing › Test2" classname="Chapter04\04_TestReports_Test.spec.ts" time="12.912">
<system-out>
<![CDATA[Test Execution Started..

[[ATTACHMENT|test-results\Chapter04-04_TestReports_Test-smoke-testing-Test2-chromium\test-finished-1.png]]

[[ATTACHMENT|test-results\Chapter04-04_TestReports_Test-smoke-testing-Test2-chromium\video.webm]]

[[ATTACHMENT|test-results\Chapter04-04_TestReports_Test-smoke-testing-Test2-chromium\trace.zip]]
]]>
</system-out>
</testcase>
</testsuite>
</testsuites>